{"numTotalTestSuites":3,"numPassedTestSuites":3,"numFailedTestSuites":0,"numPendingTestSuites":0,"numTotalTests":34,"numPassedTests":34,"numFailedTests":0,"numPendingTests":0,"numTodoTests":0,"snapshot":{"added":0,"failure":false,"filesAdded":0,"filesRemoved":0,"filesRemovedList":[],"filesUnmatched":0,"filesUpdated":0,"matched":0,"total":0,"unchecked":0,"uncheckedKeysByFile":[],"unmatched":0,"updated":0,"didUpdate":false},"startTime":1775870672365,"success":true,"testResults":[{"assertionResults":[{"ancestorTitles":["classifyIntent() — regex heuristic fallback (no API key)"],"fullName":"classifyIntent() — regex heuristic fallback (no API key) classifies \"ls -la\" as shell-command","status":"passed","title":"classifies \"ls -la\" as shell-command","duration":0.8129999999999882,"failureMessages":[],"meta":{}},{"ancestorTitles":["classifyIntent() — regex heuristic fallback (no API key)"],"fullName":"classifyIntent() — regex heuristic fallback (no API key) classifies \"execute npm install\" as shell-command","status":"passed","title":"classifies \"execute npm install\" as shell-command","duration":0.14766599999995833,"failureMessages":[],"meta":{}},{"ancestorTitles":["classifyIntent() — regex heuristic fallback (no API key)"],"fullName":"classifyIntent() — regex heuristic fallback (no API key) classifies \"open Safari\" as app-launch","status":"passed","title":"classifies \"open Safari\" as app-launch","duration":0.3891669999999863,"failureMessages":[],"meta":{}},{"ancestorTitles":["classifyIntent() — regex heuristic fallback (no API key)"],"fullName":"classifyIntent() — regex heuristic fallback (no API key) classifies \"launch Chrome browser\" as app-launch","status":"passed","title":"classifies \"launch Chrome browser\" as app-launch","duration":0.32645899999999983,"failureMessages":[],"meta":{}},{"ancestorTitles":["classifyIntent() — regex heuristic fallback (no API key)"],"fullName":"classifyIntent() — regex heuristic fallback (no API key) classifies \"check disk space\" as system-query","status":"passed","title":"classifies \"check disk space\" as system-query","duration":0.28191599999996697,"failureMessages":[],"meta":{}},{"ancestorTitles":["classifyIntent() — regex heuristic fallback (no API key)"],"fullName":"classifyIntent() — regex heuristic fallback (no API key) classifies \"how much memory is free\" as system-query","status":"passed","title":"classifies \"how much memory is free\" as system-query","duration":0.24208300000003646,"failureMessages":[],"meta":{}},{"ancestorTitles":["classifyIntent() — regex heuristic fallback (no API key)"],"fullName":"classifyIntent() — regex heuristic fallback (no API key) classifies \"click the submit button\" as ui-interaction","status":"passed","title":"classifies \"click the submit button\" as ui-interaction","duration":0.05187499999999545,"failureMessages":[],"meta":{}},{"ancestorTitles":["classifyIntent() — regex heuristic fallback (no API key)"],"fullName":"classifyIntent() — regex heuristic fallback (no API key) classifies \"copy file.txt to /tmp\" as file-operation","status":"passed","title":"classifies \"copy file.txt to /tmp\" as file-operation","duration":0.052292000000022654,"failureMessages":[],"meta":{}},{"ancestorTitles":["classifyIntent() — regex heuristic fallback (no API key)"],"fullName":"classifyIntent() — regex heuristic fallback (no API key) classifies messaging command as app-control","status":"passed","title":"classifies messaging command as app-control","duration":0.055999999999983174,"failureMessages":[],"meta":{}},{"ancestorTitles":["classifyIntent() — regex heuristic fallback (no API key)"],"fullName":"classifyIntent() — regex heuristic fallback (no API key) returns the original rawText regardless of type","status":"passed","title":"returns the original rawText regardless of type","duration":0.06337500000000773,"failureMessages":[],"meta":{}},{"ancestorTitles":["classifyIntent() — regex heuristic fallback (no API key)"],"fullName":"classifyIntent() — regex heuristic fallback (no API key) confidence is between 0 and 1","status":"passed","title":"confidence is between 0 and 1","duration":0.08191699999997581,"failureMessages":[],"meta":{}},{"ancestorTitles":["classifyIntent() — regex heuristic fallback (no API key)"],"fullName":"classifyIntent() — regex heuristic fallback (no API key) unknown text falls back to multi-step with low confidence","status":"passed","title":"unknown text falls back to multi-step with low confidence","duration":0.6488329999999678,"failureMessages":[],"meta":{}},{"ancestorTitles":["planFromIntent() — plan structure"],"fullName":"planFromIntent() — plan structure shell-command intent produces a plan with a deep-layer 'shell.exec' node","status":"passed","title":"shell-command intent produces a plan with a deep-layer 'shell.exec' node","duration":0.6705419999999549,"failureMessages":[],"meta":{}},{"ancestorTitles":["planFromIntent() — plan structure"],"fullName":"planFromIntent() — plan structure app-launch intent produces launch + verify nodes","status":"passed","title":"app-launch intent produces launch + verify nodes","duration":0.11724999999995589,"failureMessages":[],"meta":{}},{"ancestorTitles":["planFromIntent() — plan structure"],"fullName":"planFromIntent() — plan structure system-query intent produces a deep-layer node","status":"passed","title":"system-query intent produces a deep-layer node","duration":0.2422499999999559,"failureMessages":[],"meta":{}},{"ancestorTitles":["planFromIntent() — plan structure"],"fullName":"planFromIntent() — plan structure ui-interaction intent produces multiple surface nodes","status":"passed","title":"ui-interaction intent produces multiple surface nodes","duration":0.441833000000031,"failureMessages":[],"meta":{}},{"ancestorTitles":["planFromIntent() — plan structure"],"fullName":"planFromIntent() — plan structure file-operation intent produces a deep-layer node","status":"passed","title":"file-operation intent produces a deep-layer node","duration":0.48379099999999653,"failureMessages":[],"meta":{}},{"ancestorTitles":["planFromIntent() — plan structure"],"fullName":"planFromIntent() — plan structure plan estimatedDuration is a non-empty string","status":"passed","title":"plan estimatedDuration is a non-empty string","duration":0.08691700000002811,"failureMessages":[],"meta":{}},{"ancestorTitles":["planFromIntent() — plan structure"],"fullName":"planFromIntent() — plan structure each node has required fields: id, type, layer, action, dependencies","status":"passed","title":"each node has required fields: id, type, layer, action, dependencies","duration":0.09720800000002328,"failureMessages":[],"meta":{}},{"ancestorTitles":["planFromIntent() — plan structure"],"fullName":"planFromIntent() — plan structure health-check intent maps filesystem integrity requests to health.filesystem","status":"passed","title":"health-check intent maps filesystem integrity requests to health.filesystem","duration":0.33558299999998553,"failureMessages":[],"meta":{}},{"ancestorTitles":["planFromIntent() — plan structure"],"fullName":"planFromIntent() — plan structure self-healing intent maps cert expiry requests to health.certExpiry","status":"passed","title":"self-healing intent maps cert expiry requests to health.certExpiry","duration":0.23479199999997036,"failureMessages":[],"meta":{}},{"ancestorTitles":["planFromIntent() — plan structure"],"fullName":"planFromIntent() — plan structure self-healing intent maps log anomaly requests to health.logAnomalies","status":"passed","title":"self-healing intent maps log anomaly requests to health.logAnomalies","duration":0.09149999999999636,"failureMessages":[],"meta":{}},{"ancestorTitles":["planFromIntent() — plan structure"],"fullName":"planFromIntent() — plan structure app-control unmute intent should not map to mute command","status":"passed","title":"app-control unmute intent should not map to mute command","duration":0.10116599999997788,"failureMessages":[],"meta":{}},{"ancestorTitles":["planFromIntent() — plan structure"],"fullName":"planFromIntent() — plan structure automation-macro stop intent maps to hybrid.macro.stop","status":"passed","title":"automation-macro stop intent maps to hybrid.macro.stop","duration":0.04708299999998644,"failureMessages":[],"meta":{}},{"ancestorTitles":["planFromIntent() — plan structure"],"fullName":"planFromIntent() — plan structure ui-interaction drag intent with coordinates maps to ui.drag","status":"passed","title":"ui-interaction drag intent with coordinates maps to ui.drag","duration":0.2384169999999699,"failureMessages":[],"meta":{}},{"ancestorTitles":["planFromIntent() — plan structure"],"fullName":"planFromIntent() — plan structure ui-interaction move mouse intent maps to ui.move","status":"passed","title":"ui-interaction move mouse intent maps to ui.move","duration":0.07387499999998681,"failureMessages":[],"meta":{}},{"ancestorTitles":["planFromIntent() — plan structure"],"fullName":"planFromIntent() — plan structure ui-interaction modal detection intent maps to vision.modal.detect","status":"passed","title":"ui-interaction modal detection intent maps to vision.modal.detect","duration":0.077541999999994,"failureMessages":[],"meta":{}},{"ancestorTitles":["planFromIntent() — plan structure"],"fullName":"planFromIntent() — plan structure ui-interaction captcha intent maps to vision.captcha.detect","status":"passed","title":"ui-interaction captcha intent maps to vision.captcha.detect","duration":0.031375000000025466,"failureMessages":[],"meta":{}},{"ancestorTitles":["planFromIntent() — plan structure"],"fullName":"planFromIntent() — plan structure ui-interaction table extraction intent maps to vision.table.extract","status":"passed","title":"ui-interaction table extraction intent maps to vision.table.extract","duration":0.03224999999997635,"failureMessages":[],"meta":{}},{"ancestorTitles":["planFromIntent() — plan structure"],"fullName":"planFromIntent() — plan structure ui-interaction accessibility audit intent maps to vision.a11y.audit","status":"passed","title":"ui-interaction accessibility audit intent maps to vision.a11y.audit","duration":0.03233399999999165,"failureMessages":[],"meta":{}},{"ancestorTitles":["planFromIntent() — plan structure"],"fullName":"planFromIntent() — plan structure ui-interaction language detection intent maps to vision.language.detect","status":"passed","title":"ui-interaction language detection intent maps to vision.language.detect","duration":0.03158300000001191,"failureMessages":[],"meta":{}},{"ancestorTitles":["planFromIntent() — plan structure"],"fullName":"planFromIntent() — plan structure app-control phrase with 'on safari' should activate Safari instead of target website keyword","status":"passed","title":"app-control phrase with 'on safari' should activate Safari instead of target website keyword","duration":0.6164160000000152,"failureMessages":[],"meta":{}},{"ancestorTitles":["planFromIntent() — plan structure"],"fullName":"planFromIntent() — plan structure zalo messaging phrase requires LLM API key for plan generation","status":"passed","title":"zalo messaging phrase requires LLM API key for plan generation","duration":0.7418749999999932,"failureMessages":[],"meta":{}},{"ancestorTitles":["planFromIntent() — plan structure"],"fullName":"planFromIntent() — plan structure multi-step fallback should pass plain goal string to generic.execute","status":"passed","title":"multi-step fallback should pass plain goal string to generic.execute","duration":0.08254199999998946,"failureMessages":[],"meta":{}}],"startTime":1775870672659,"endTime":1775870672667.742,"status":"passed","message":"","name":"/Users/hoahn/Projects/omnistate/packages/gateway/src/__tests__/planner.test.ts"}]}